{
  "RSpec": {
    "coverage": {
      "/var/www/html/final-projek-generasi-gigih/spec/models/member_spec.rb": {
        "lines": [
          1,
          1,
          null,
          1,
          1,
          1,
          1,
          1,
          1,
          1,
          1,
          1,
          null,
          1,
          3,
          null,
          1,
          1,
          1,
          1,
          1,
          1,
          1,
          null,
          1,
          1,
          1,
          1,
          1,
          1,
          1,
          null,
          null
        ]
      },
      "/var/www/html/final-projek-generasi-gigih/models/m_raw_member.rb": {
        "lines": [
          1,
          1,
          1,
          3,
          3,
          3,
          3,
          null,
          null
        ]
      },
      "/var/www/html/final-projek-generasi-gigih/models/m_api_db_tambah_member.rb": {
        "lines": [
          1,
          1,
          1,
          2,
          2,
          1,
          1,
          1,
          null,
          2,
          null,
          null,
          1,
          1,
          1,
          1,
          null,
          null
        ]
      },
      "/var/www/html/final-projek-generasi-gigih/models/m_koneksi_db.rb": {
        "lines": [
          1,
          1,
          5,
          null,
          null,
          null,
          null,
          null,
          5,
          null,
          null
        ]
      },
      "/var/www/html/final-projek-generasi-gigih/spec/models/post_spec.rb": {
        "lines": [
          1,
          1,
          1,
          null,
          1,
          1,
          1,
          1,
          1,
          1,
          1,
          1,
          1,
          null,
          1,
          1,
          1,
          1,
          1,
          1,
          1,
          1,
          null,
          1,
          1,
          1,
          1,
          1,
          1,
          1,
          1,
          1,
          null,
          1,
          8,
          null,
          1,
          1,
          1,
          1,
          1,
          1,
          1,
          null,
          1,
          1,
          1,
          1,
          1,
          1,
          1,
          null,
          1,
          1,
          1,
          1000,
          null,
          1,
          1,
          1,
          1,
          1,
          1,
          null,
          1,
          1,
          1,
          1,
          null,
          1,
          1,
          1,
          1,
          1,
          1,
          1,
          null,
          null
        ]
      },
      "/var/www/html/final-projek-generasi-gigih/models/m_raw_post.rb": {
        "lines": [
          1,
          1,
          1,
          6,
          6,
          6,
          6,
          6,
          null,
          null
        ]
      },
      "/var/www/html/final-projek-generasi-gigih/models/m_raw_hashtag.rb": {
        "lines": [
          1,
          1,
          1,
          3,
          3,
          null,
          null
        ]
      },
      "/var/www/html/final-projek-generasi-gigih/models/m_api_db_tambah_post.rb": {
        "lines": [
          1,
          1,
          1,
          1,
          1,
          1,
          null,
          null,
          1,
          1,
          1,
          1,
          null,
          null,
          1,
          1,
          1,
          1,
          1,
          1,
          1,
          null,
          null,
          1,
          null,
          null,
          1,
          1,
          1,
          1,
          2,
          null,
          1,
          null,
          null,
          1,
          3,
          3,
          1,
          2,
          1,
          1,
          1,
          null,
          3,
          null,
          null,
          1,
          1,
          1,
          1,
          null,
          null
        ]
      }
    },
    "timestamp": 1628398325
  }
}
